\BOOKMARK [0][-]{chapter.1}{Introduction}{}% 1
\BOOKMARK [0][-]{chapter.2}{Machine Learning}{}% 2
\BOOKMARK [0][-]{chapter.3}{Representation Learning}{}% 3
\BOOKMARK [1][-]{section.3.1}{Distributional Representation}{chapter.3}% 4
\BOOKMARK [1][-]{section.3.2}{Distributed Representation}{chapter.3}% 5
\BOOKMARK [1][-]{section.3.3}{Representation Learning of Knowledge Bases}{chapter.3}% 6
\BOOKMARK [2][-]{subsection.3.3.1}{Distributed Representation Learning of Knowledge Bases}{section.3.3}% 7
\BOOKMARK [0][-]{chapter.4}{Word Embeddings}{}% 8
\BOOKMARK [1][-]{section.4.1}{Neural Language Models}{chapter.4}% 9
\BOOKMARK [1][-]{section.4.2}{Learning Word Embeddings from Lexical Resources}{chapter.4}% 10
\BOOKMARK [0][-]{chapter.5}{Relation Discovery}{}% 11
\BOOKMARK [1][-]{section.5.1}{Distant Supervision}{chapter.5}% 12
\BOOKMARK [1][-]{section.5.2}{Unsupervised Relation Extraction}{chapter.5}% 13
\BOOKMARK [2][-]{subsection.5.2.1}{DIRT}{section.5.2}% 14
\BOOKMARK [2][-]{subsection.5.2.2}{Extended Distributional Hypothesis}{section.5.2}% 15
\BOOKMARK [2][-]{subsection.5.2.3}{Model Description}{section.5.2}% 16
\BOOKMARK [2][-]{subsection.5.2.4}{TextRunner}{section.5.2}% 17
\BOOKMARK [2][-]{subsection.5.2.5}{USP}{section.5.2}% 18
\BOOKMARK [2][-]{subsection.5.2.6}{Rel-LDA \046 Type-LDA}{section.5.2}% 19
\BOOKMARK [1][-]{section.5.3}{Problem Identification}{chapter.5}% 20
\BOOKMARK [0][-]{chapter.6}{Experimental Setup}{}% 21
\BOOKMARK [1][-]{section.6.1}{Entity Linking Among Lexical Resources}{chapter.6}% 22
\BOOKMARK [2][-]{subsection.6.1.1}{Creating of Dataset}{section.6.1}% 23
\BOOKMARK [2][-]{subsection.6.1.2}{Evaluation}{section.6.1}% 24
\BOOKMARK [0][-]{chapter.7}{Future Work}{}% 25
\BOOKMARK [0][-]{chapter.8}{Conclusion}{}% 26
