\BOOKMARK [0][-]{chapter.1}{Introduction}{}% 1
\BOOKMARK [0][-]{chapter.2}{Machine Learning}{}% 2
\BOOKMARK [1][-]{section.2.1}{Representation Learning}{chapter.2}% 3
\BOOKMARK [2][-]{subsection.2.1.1}{Distributional Representation}{section.2.1}% 4
\BOOKMARK [2][-]{subsection.2.1.2}{Distributed Representation}{section.2.1}% 5
\BOOKMARK [2][-]{subsection.2.1.3}{Representation Learning of Knowledge Bases}{section.2.1}% 6
\BOOKMARK [1][-]{section.2.2}{Bayesian Non-Parametric Models}{chapter.2}% 7
\BOOKMARK [2][-]{subsection.2.2.1}{Introduction}{section.2.2}% 8
\BOOKMARK [2][-]{subsection.2.2.2}{Model Selection with BNP Models}{section.2.2}% 9
\BOOKMARK [2][-]{subsection.2.2.3}{Clustering \(Dirichlet processes and Chinese restaurant processes\)}{section.2.2}% 10
\BOOKMARK [0][-]{chapter.3}{Relation Discovery}{}% 11
\BOOKMARK [1][-]{section.3.1}{Distant Supervision}{chapter.3}% 12
\BOOKMARK [1][-]{section.3.2}{Unsupervised Relation Extraction}{chapter.3}% 13
\BOOKMARK [2][-]{subsection.3.2.1}{DIRT}{section.3.2}% 14
\BOOKMARK [2][-]{subsection.3.2.2}{TextRunner}{section.3.2}% 15
\BOOKMARK [2][-]{subsection.3.2.3}{USP}{section.3.2}% 16
\BOOKMARK [2][-]{subsection.3.2.4}{Rel-LDA \046 Type-LDA}{section.3.2}% 17
\BOOKMARK [1][-]{section.3.3}{Problem Identification}{chapter.3}% 18
\BOOKMARK [0][-]{chapter.4}{Linking Text to Knowledge Base for Relation Discovery}{}% 19
\BOOKMARK [1][-]{section.4.1}{Learning Representaion of Entities and Relations from Text and Knowledge Base}{chapter.4}% 20
\BOOKMARK [2][-]{subsection.4.1.1}{Informative Features for Relation Extraction}{section.4.1}% 21
\BOOKMARK [1][-]{section.4.2}{Task Description}{chapter.4}% 22
\BOOKMARK [1][-]{section.4.3}{Linking Text to KB}{chapter.4}% 23
\BOOKMARK [1][-]{section.4.4}{Experimental Setup}{chapter.4}% 24
\BOOKMARK [2][-]{subsection.4.4.1}{Creating Dataset}{section.4.4}% 25
\BOOKMARK [2][-]{subsection.4.4.2}{Experiments}{section.4.4}% 26
\BOOKMARK [1][-]{section.4.5}{Evaluation and Analysis}{chapter.4}% 27
\BOOKMARK [1][-]{section.4.6}{Conclusion}{chapter.4}% 28
\BOOKMARK [0][-]{chapter.5}{Entity Linking Among Lexical Resources}{}% 29
\BOOKMARK [1][-]{section.5.1}{Task Description}{chapter.5}% 30
\BOOKMARK [1][-]{section.5.2}{Experimental Setup}{chapter.5}% 31
\BOOKMARK [1][-]{section.5.3}{Evaluation}{chapter.5}% 32
\BOOKMARK [2][-]{subsection.5.3.1}{Evaluation Using Reconstruction}{section.5.3}% 33
\BOOKMARK [2][-]{subsection.5.3.2}{Evaluation on Semantic Similarity}{section.5.3}% 34
\BOOKMARK [1][-]{section.5.4}{Conclusion}{chapter.5}% 35
\BOOKMARK [0][-]{chapter.6}{Future Work}{}% 36
\BOOKMARK [0][-]{chapter.7}{Conclusion}{}% 37
